1710996126.055673 client started (6966): version 3.2a, socket /tmp/tmux-1000/default, protocol 8
1710996126.055968 on Linux 6.1.0-1035-oem #35-Ubuntu SMP PREEMPT_DYNAMIC Wed Feb 21 10:58:23 UTC 2024
1710996126.055977 using libevent 2.1.12-stable (poll); ncurses 6.3
1710996126.056000 flags are 0x18010000
1710996126.056005 socket is /tmp/tmux-1000/default
1710996126.056025 trying connect
1710996126.056045 connect failed: Connection refused
1710996126.056057 lock file is /tmp/tmux-1000/default.lock
1710996126.056101 flock succeeded
1710996126.056106 got lock (6)
1710996126.056116 trying connect
1710996126.056127 connect failed: Connection refused
1710996126.058811 add peer 0x562f1d9e0df0: 7 ((nil))
1710996126.059356 sending message 100 to peer 0x562f1d9e0df0 (4 bytes)
1710996126.059388 sending message 111 to peer 0x562f1d9e0df0 (8 bytes)
1710996126.059395 sending message 101 to peer 0x562f1d9e0df0 (10 bytes)
1710996126.059401 sending message 109 to peer 0x562f1d9e0df0 (4 bytes)
1710996126.059406 sending message 102 to peer 0x562f1d9e0df0 (11 bytes)
1710996126.059412 sending message 108 to peer 0x562f1d9e0df0 (20 bytes)
1710996126.059418 sending message 112 to peer 0x562f1d9e0df0 (58 bytes)
1710996126.059423 sending message 112 to peer 0x562f1d9e0df0 (5 bytes)
1710996126.059429 sending message 112 to peer 0x562f1d9e0df0 (5 bytes)
1710996126.059435 sending message 112 to peer 0x562f1d9e0df0 (6 bytes)
1710996126.059441 sending message 112 to peer 0x562f1d9e0df0 (6 bytes)
1710996126.059447 sending message 112 to peer 0x562f1d9e0df0 (11 bytes)
1710996126.059452 sending message 112 to peer 0x562f1d9e0df0 (10 bytes)
1710996126.059458 sending message 112 to peer 0x562f1d9e0df0 (13 bytes)
1710996126.059463 sending message 112 to peer 0x562f1d9e0df0 (14 bytes)
1710996126.059469 sending message 112 to peer 0x562f1d9e0df0 (19 bytes)
1710996126.059474 sending message 112 to peer 0x562f1d9e0df0 (11 bytes)
1710996126.059480 sending message 112 to peer 0x562f1d9e0df0 (10 bytes)
1710996126.059485 sending message 112 to peer 0x562f1d9e0df0 (15 bytes)
1710996126.059491 sending message 112 to peer 0x562f1d9e0df0 (21 bytes)
1710996126.059496 sending message 112 to peer 0x562f1d9e0df0 (13 bytes)
1710996126.059502 sending message 112 to peer 0x562f1d9e0df0 (7 bytes)
1710996126.059507 sending message 112 to peer 0x562f1d9e0df0 (13 bytes)
1710996126.059514 sending message 112 to peer 0x562f1d9e0df0 (7 bytes)
1710996126.059520 sending message 112 to peer 0x562f1d9e0df0 (13 bytes)
1710996126.059526 sending message 112 to peer 0x562f1d9e0df0 (9 bytes)
1710996126.059531 sending message 112 to peer 0x562f1d9e0df0 (21 bytes)
1710996126.059537 sending message 112 to peer 0x562f1d9e0df0 (13 bytes)
1710996126.059543 sending message 112 to peer 0x562f1d9e0df0 (9 bytes)
1710996126.059548 sending message 112 to peer 0x562f1d9e0df0 (16 bytes)
1710996126.059554 sending message 112 to peer 0x562f1d9e0df0 (13 bytes)
1710996126.059559 sending message 112 to peer 0x562f1d9e0df0 (9 bytes)
1710996126.059565 sending message 112 to peer 0x562f1d9e0df0 (9 bytes)
1710996126.059570 sending message 112 to peer 0x562f1d9e0df0 (12 bytes)
1710996126.059576 sending message 112 to peer 0x562f1d9e0df0 (8 bytes)
1710996126.059581 sending message 112 to peer 0x562f1d9e0df0 (8 bytes)
1710996126.059587 sending message 112 to peer 0x562f1d9e0df0 (13 bytes)
1710996126.059592 sending message 112 to peer 0x562f1d9e0df0 (7 bytes)
1710996126.059598 sending message 112 to peer 0x562f1d9e0df0 (7 bytes)
1710996126.059604 sending message 112 to peer 0x562f1d9e0df0 (9 bytes)
1710996126.059609 sending message 112 to peer 0x562f1d9e0df0 (6 bytes)
1710996126.059615 sending message 112 to peer 0x562f1d9e0df0 (9 bytes)
1710996126.059620 sending message 112 to peer 0x562f1d9e0df0 (15 bytes)
1710996126.059626 sending message 112 to peer 0x562f1d9e0df0 (13 bytes)
1710996126.059631 sending message 112 to peer 0x562f1d9e0df0 (12 bytes)
1710996126.059637 sending message 112 to peer 0x562f1d9e0df0 (8 bytes)
1710996126.059643 sending message 112 to peer 0x562f1d9e0df0 (14 bytes)
1710996126.059648 sending message 112 to peer 0x562f1d9e0df0 (11 bytes)
1710996126.059666 sending message 112 to peer 0x562f1d9e0df0 (9 bytes)
1710996126.059672 sending message 112 to peer 0x562f1d9e0df0 (10 bytes)
1710996126.059678 sending message 112 to peer 0x562f1d9e0df0 (10 bytes)
1710996126.059683 sending message 112 to peer 0x562f1d9e0df0 (10 bytes)
1710996126.059689 sending message 112 to peer 0x562f1d9e0df0 (10 bytes)
1710996126.059694 sending message 112 to peer 0x562f1d9e0df0 (11 bytes)
1710996126.059700 sending message 112 to peer 0x562f1d9e0df0 (12 bytes)
1710996126.059705 sending message 112 to peer 0x562f1d9e0df0 (12 bytes)
1710996126.059711 sending message 112 to peer 0x562f1d9e0df0 (12 bytes)
1710996126.059716 sending message 112 to peer 0x562f1d9e0df0 (12 bytes)
1710996126.059722 sending message 112 to peer 0x562f1d9e0df0 (12 bytes)
1710996126.059727 sending message 112 to peer 0x562f1d9e0df0 (11 bytes)
1710996126.059733 sending message 112 to peer 0x562f1d9e0df0 (11 bytes)
1710996126.059739 sending message 112 to peer 0x562f1d9e0df0 (12 bytes)
1710996126.059744 sending message 112 to peer 0x562f1d9e0df0 (12 bytes)
1710996126.059750 sending message 112 to peer 0x562f1d9e0df0 (12 bytes)
1710996126.059755 sending message 112 to peer 0x562f1d9e0df0 (12 bytes)
1710996126.059761 sending message 112 to peer 0x562f1d9e0df0 (12 bytes)
1710996126.059767 sending message 112 to peer 0x562f1d9e0df0 (9 bytes)
1710996126.059773 sending message 112 to peer 0x562f1d9e0df0 (12 bytes)
1710996126.059778 sending message 112 to peer 0x562f1d9e0df0 (13 bytes)
1710996126.059784 sending message 112 to peer 0x562f1d9e0df0 (13 bytes)
1710996126.059790 sending message 112 to peer 0x562f1d9e0df0 (13 bytes)
1710996126.059795 sending message 112 to peer 0x562f1d9e0df0 (13 bytes)
1710996126.059801 sending message 112 to peer 0x562f1d9e0df0 (13 bytes)
1710996126.059807 sending message 112 to peer 0x562f1d9e0df0 (8 bytes)
1710996126.059813 sending message 112 to peer 0x562f1d9e0df0 (11 bytes)
1710996126.059819 sending message 112 to peer 0x562f1d9e0df0 (11 bytes)
1710996126.059825 sending message 112 to peer 0x562f1d9e0df0 (11 bytes)
1710996126.059832 sending message 112 to peer 0x562f1d9e0df0 (12 bytes)
1710996126.059838 sending message 112 to peer 0x562f1d9e0df0 (12 bytes)
1710996126.059844 sending message 112 to peer 0x562f1d9e0df0 (12 bytes)
1710996126.059850 sending message 112 to peer 0x562f1d9e0df0 (12 bytes)
1710996126.059857 sending message 112 to peer 0x562f1d9e0df0 (13 bytes)
1710996126.059863 sending message 112 to peer 0x562f1d9e0df0 (13 bytes)
1710996126.059869 sending message 112 to peer 0x562f1d9e0df0 (13 bytes)
1710996126.059875 sending message 112 to peer 0x562f1d9e0df0 (8 bytes)
1710996126.059881 sending message 112 to peer 0x562f1d9e0df0 (13 bytes)
1710996126.059887 sending message 112 to peer 0x562f1d9e0df0 (13 bytes)
1710996126.059893 sending message 112 to peer 0x562f1d9e0df0 (13 bytes)
1710996126.059899 sending message 112 to peer 0x562f1d9e0df0 (13 bytes)
1710996126.059907 sending message 112 to peer 0x562f1d9e0df0 (13 bytes)
1710996126.059913 sending message 112 to peer 0x562f1d9e0df0 (12 bytes)
1710996126.059920 sending message 112 to peer 0x562f1d9e0df0 (12 bytes)
1710996126.059926 sending message 112 to peer 0x562f1d9e0df0 (12 bytes)
1710996126.059933 sending message 112 to peer 0x562f1d9e0df0 (12 bytes)
1710996126.059939 sending message 112 to peer 0x562f1d9e0df0 (13 bytes)
1710996126.059945 sending message 112 to peer 0x562f1d9e0df0 (8 bytes)
1710996126.059951 sending message 112 to peer 0x562f1d9e0df0 (13 bytes)
1710996126.059957 sending message 112 to peer 0x562f1d9e0df0 (13 bytes)
1710996126.059963 sending message 112 to peer 0x562f1d9e0df0 (13 bytes)
1710996126.059969 sending message 112 to peer 0x562f1d9e0df0 (13 bytes)
1710996126.059975 sending message 112 to peer 0x562f1d9e0df0 (13 bytes)
1710996126.059981 sending message 112 to peer 0x562f1d9e0df0 (13 bytes)
1710996126.059987 sending message 112 to peer 0x562f1d9e0df0 (13 bytes)
1710996126.059992 sending message 112 to peer 0x562f1d9e0df0 (12 bytes)
1710996126.059998 sending message 112 to peer 0x562f1d9e0df0 (12 bytes)
1710996126.060011 sending message 112 to peer 0x562f1d9e0df0 (12 bytes)
1710996126.060016 sending message 112 to peer 0x562f1d9e0df0 (8 bytes)
1710996126.060021 sending message 112 to peer 0x562f1d9e0df0 (12 bytes)
1710996126.060026 sending message 112 to peer 0x562f1d9e0df0 (13 bytes)
1710996126.060031 sending message 112 to peer 0x562f1d9e0df0 (13 bytes)
1710996126.060036 sending message 112 to peer 0x562f1d9e0df0 (13 bytes)
1710996126.060040 sending message 112 to peer 0x562f1d9e0df0 (13 bytes)
1710996126.060044 sending message 112 to peer 0x562f1d9e0df0 (13 bytes)
1710996126.060046 sending message 112 to peer 0x562f1d9e0df0 (13 bytes)
1710996126.060048 sending message 112 to peer 0x562f1d9e0df0 (13 bytes)
1710996126.060050 sending message 112 to peer 0x562f1d9e0df0 (13 bytes)
1710996126.060052 sending message 112 to peer 0x562f1d9e0df0 (12 bytes)
1710996126.060054 sending message 112 to peer 0x562f1d9e0df0 (10 bytes)
1710996126.060055 sending message 112 to peer 0x562f1d9e0df0 (12 bytes)
1710996126.060057 sending message 112 to peer 0x562f1d9e0df0 (12 bytes)
1710996126.060059 sending message 112 to peer 0x562f1d9e0df0 (12 bytes)
1710996126.060061 sending message 112 to peer 0x562f1d9e0df0 (13 bytes)
1710996126.060063 sending message 112 to peer 0x562f1d9e0df0 (13 bytes)
1710996126.060065 sending message 112 to peer 0x562f1d9e0df0 (13 bytes)
1710996126.060067 sending message 112 to peer 0x562f1d9e0df0 (13 bytes)
1710996126.060068 sending message 112 to peer 0x562f1d9e0df0 (13 bytes)
1710996126.060070 sending message 112 to peer 0x562f1d9e0df0 (13 bytes)
1710996126.060072 sending message 112 to peer 0x562f1d9e0df0 (13 bytes)
1710996126.060074 sending message 112 to peer 0x562f1d9e0df0 (10 bytes)
1710996126.060076 sending message 112 to peer 0x562f1d9e0df0 (13 bytes)
1710996126.060078 sending message 112 to peer 0x562f1d9e0df0 (12 bytes)
1710996126.060080 sending message 112 to peer 0x562f1d9e0df0 (12 bytes)
1710996126.060081 sending message 112 to peer 0x562f1d9e0df0 (12 bytes)
1710996126.060083 sending message 112 to peer 0x562f1d9e0df0 (10 bytes)
1710996126.060085 sending message 112 to peer 0x562f1d9e0df0 (10 bytes)
1710996126.060087 sending message 112 to peer 0x562f1d9e0df0 (10 bytes)
1710996126.060089 sending message 112 to peer 0x562f1d9e0df0 (12 bytes)
1710996126.060091 sending message 112 to peer 0x562f1d9e0df0 (13 bytes)
1710996126.060093 sending message 112 to peer 0x562f1d9e0df0 (13 bytes)
1710996126.060095 sending message 112 to peer 0x562f1d9e0df0 (13 bytes)
1710996126.060096 sending message 112 to peer 0x562f1d9e0df0 (13 bytes)
1710996126.060098 sending message 112 to peer 0x562f1d9e0df0 (13 bytes)
1710996126.060100 sending message 112 to peer 0x562f1d9e0df0 (10 bytes)
1710996126.060102 sending message 112 to peer 0x562f1d9e0df0 (11 bytes)
1710996126.060104 sending message 112 to peer 0x562f1d9e0df0 (12 bytes)
1710996126.060105 sending message 112 to peer 0x562f1d9e0df0 (12 bytes)
1710996126.060107 sending message 112 to peer 0x562f1d9e0df0 (12 bytes)
1710996126.060109 sending message 112 to peer 0x562f1d9e0df0 (12 bytes)
1710996126.060111 sending message 112 to peer 0x562f1d9e0df0 (12 bytes)
1710996126.060113 sending message 112 to peer 0x562f1d9e0df0 (11 bytes)
1710996126.060114 sending message 112 to peer 0x562f1d9e0df0 (12 bytes)
1710996126.060116 sending message 112 to peer 0x562f1d9e0df0 (12 bytes)
1710996126.060118 sending message 112 to peer 0x562f1d9e0df0 (13 bytes)
1710996126.060120 sending message 112 to peer 0x562f1d9e0df0 (13 bytes)
1710996126.060122 sending message 112 to peer 0x562f1d9e0df0 (13 bytes)
1710996126.060123 sending message 112 to peer 0x562f1d9e0df0 (13 bytes)
1710996126.060125 sending message 112 to peer 0x562f1d9e0df0 (13 bytes)
1710996126.060127 sending message 112 to peer 0x562f1d9e0df0 (10 bytes)
1710996126.060129 sending message 112 to peer 0x562f1d9e0df0 (9 bytes)
1710996126.060131 sending message 112 to peer 0x562f1d9e0df0 (12 bytes)
1710996126.060133 sending message 112 to peer 0x562f1d9e0df0 (13 bytes)
1710996126.060136 sending message 112 to peer 0x562f1d9e0df0 (13 bytes)
1710996126.060141 sending message 112 to peer 0x562f1d9e0df0 (13 bytes)
1710996126.060143 sending message 112 to peer 0x562f1d9e0df0 (13 bytes)
1710996126.060144 sending message 112 to peer 0x562f1d9e0df0 (13 bytes)
1710996126.060146 sending message 112 to peer 0x562f1d9e0df0 (9 bytes)
1710996126.060148 sending message 112 to peer 0x562f1d9e0df0 (12 bytes)
1710996126.060150 sending message 112 to peer 0x562f1d9e0df0 (13 bytes)
1710996126.060152 sending message 112 to peer 0x562f1d9e0df0 (13 bytes)
1710996126.060154 sending message 112 to peer 0x562f1d9e0df0 (13 bytes)
1710996126.060155 sending message 112 to peer 0x562f1d9e0df0 (13 bytes)
1710996126.060157 sending message 112 to peer 0x562f1d9e0df0 (13 bytes)
1710996126.060159 sending message 112 to peer 0x562f1d9e0df0 (11 bytes)
1710996126.060161 sending message 112 to peer 0x562f1d9e0df0 (12 bytes)
1710996126.060163 sending message 112 to peer 0x562f1d9e0df0 (13 bytes)
1710996126.060164 sending message 112 to peer 0x562f1d9e0df0 (13 bytes)
1710996126.060166 sending message 112 to peer 0x562f1d9e0df0 (13 bytes)
1710996126.060168 sending message 112 to peer 0x562f1d9e0df0 (13 bytes)
1710996126.060170 sending message 112 to peer 0x562f1d9e0df0 (13 bytes)
1710996126.060171 sending message 112 to peer 0x562f1d9e0df0 (11 bytes)
1710996126.060173 sending message 112 to peer 0x562f1d9e0df0 (12 bytes)
1710996126.060175 sending message 112 to peer 0x562f1d9e0df0 (12 bytes)
1710996126.060177 sending message 112 to peer 0x562f1d9e0df0 (12 bytes)
1710996126.060180 sending message 112 to peer 0x562f1d9e0df0 (12 bytes)
1710996126.060182 sending message 112 to peer 0x562f1d9e0df0 (12 bytes)
1710996126.060184 sending message 112 to peer 0x562f1d9e0df0 (21 bytes)
1710996126.060185 sending message 112 to peer 0x562f1d9e0df0 (12 bytes)
1710996126.060187 sending message 112 to peer 0x562f1d9e0df0 (9 bytes)
1710996126.060189 sending message 112 to peer 0x562f1d9e0df0 (6 bytes)
1710996126.060191 sending message 112 to peer 0x562f1d9e0df0 (13 bytes)
1710996126.060193 sending message 112 to peer 0x562f1d9e0df0 (10 bytes)
1710996126.060194 sending message 112 to peer 0x562f1d9e0df0 (24 bytes)
1710996126.060196 sending message 112 to peer 0x562f1d9e0df0 (13 bytes)
1710996126.060198 sending message 112 to peer 0x562f1d9e0df0 (9 bytes)
1710996126.060200 sending message 112 to peer 0x562f1d9e0df0 (70 bytes)
1710996126.060202 sending message 112 to peer 0x562f1d9e0df0 (69 bytes)
1710996126.060203 sending message 112 to peer 0x562f1d9e0df0 (12 bytes)
1710996126.060205 sending message 112 to peer 0x562f1d9e0df0 (10 bytes)
1710996126.060207 sending message 112 to peer 0x562f1d9e0df0 (10 bytes)
1710996126.060210 sending message 112 to peer 0x562f1d9e0df0 (24 bytes)
1710996126.060212 sending message 112 to peer 0x562f1d9e0df0 (13 bytes)
1710996126.060214 sending message 112 to peer 0x562f1d9e0df0 (10 bytes)
1710996126.060216 sending message 112 to peer 0x562f1d9e0df0 (10 bytes)
1710996126.060217 sending message 112 to peer 0x562f1d9e0df0 (17 bytes)
1710996126.060219 sending message 112 to peer 0x562f1d9e0df0 (10 bytes)
1710996126.060221 sending message 112 to peer 0x562f1d9e0df0 (13 bytes)
1710996126.060223 sending message 112 to peer 0x562f1d9e0df0 (9 bytes)
1710996126.060224 sending message 112 to peer 0x562f1d9e0df0 (15 bytes)
1710996126.060226 sending message 112 to peer 0x562f1d9e0df0 (5 bytes)
1710996126.060228 sending message 104 to peer 0x562f1d9e0df0 (0 bytes)
1710996126.060230 sending message 110 to peer 0x562f1d9e0df0 (0 bytes)
1710996126.060232 sending message 107 to peer 0x562f1d9e0df0 (4 bytes)
1710996126.060234 sending message 105 to peer 0x562f1d9e0df0 (38 bytes)
1710996126.060236 sending message 105 to peer 0x562f1d9e0df0 (62 bytes)
1710996126.060238 sending message 105 to peer 0x562f1d9e0df0 (35 bytes)
1710996126.060241 sending message 105 to peer 0x562f1d9e0df0 (20 bytes)
1710996126.060243 sending message 105 to peer 0x562f1d9e0df0 (54 bytes)
1710996126.060245 sending message 105 to peer 0x562f1d9e0df0 (23 bytes)
1710996126.060246 sending message 105 to peer 0x562f1d9e0df0 (11 bytes)
1710996126.060250 sending message 105 to peer 0x562f1d9e0df0 (18 bytes)
1710996126.060252 sending message 105 to peer 0x562f1d9e0df0 (68 bytes)
1710996126.060254 sending message 105 to peer 0x562f1d9e0df0 (35 bytes)
1710996126.060256 sending message 105 to peer 0x562f1d9e0df0 (24 bytes)
1710996126.060258 sending message 105 to peer 0x562f1d9e0df0 (33 bytes)
1710996126.060259 sending message 105 to peer 0x562f1d9e0df0 (44 bytes)
1710996126.060261 sending message 105 to peer 0x562f1d9e0df0 (23 bytes)
1710996126.060263 sending message 105 to peer 0x562f1d9e0df0 (32 bytes)
1710996126.060265 sending message 105 to peer 0x562f1d9e0df0 (28 bytes)
1710996126.060266 sending message 105 to peer 0x562f1d9e0df0 (17 bytes)
1710996126.060268 sending message 105 to peer 0x562f1d9e0df0 (47 bytes)
1710996126.060270 sending message 105 to peer 0x562f1d9e0df0 (23 bytes)
1710996126.060273 sending message 105 to peer 0x562f1d9e0df0 (17 bytes)
1710996126.060275 sending message 105 to peer 0x562f1d9e0df0 (14 bytes)
1710996126.060277 sending message 105 to peer 0x562f1d9e0df0 (16 bytes)
1710996126.060278 sending message 105 to peer 0x562f1d9e0df0 (19 bytes)
1710996126.060280 sending message 105 to peer 0x562f1d9e0df0 (619 bytes)
1710996126.060282 sending message 105 to peer 0x562f1d9e0df0 (24 bytes)
1710996126.060284 sending message 105 to peer 0x562f1d9e0df0 (19 bytes)
1710996126.060286 sending message 105 to peer 0x562f1d9e0df0 (18 bytes)
1710996126.060288 sending message 105 to peer 0x562f1d9e0df0 (118 bytes)
1710996126.060290 sending message 105 to peer 0x562f1d9e0df0 (15 bytes)
1710996126.060291 sending message 105 to peer 0x562f1d9e0df0 (8 bytes)
1710996126.060293 sending message 105 to peer 0x562f1d9e0df0 (33 bytes)
1710996126.060295 sending message 105 to peer 0x562f1d9e0df0 (41 bytes)
1710996126.060297 sending message 105 to peer 0x562f1d9e0df0 (22 bytes)
1710996126.060299 sending message 105 to peer 0x562f1d9e0df0 (15 bytes)
1710996126.060302 sending message 105 to peer 0x562f1d9e0df0 (11 bytes)
1710996126.060304 sending message 105 to peer 0x562f1d9e0df0 (15 bytes)
1710996126.060305 sending message 105 to peer 0x562f1d9e0df0 (26 bytes)
1710996126.060307 sending message 105 to peer 0x562f1d9e0df0 (24 bytes)
1710996126.060309 sending message 105 to peer 0x562f1d9e0df0 (54 bytes)
1710996126.060311 sending message 105 to peer 0x562f1d9e0df0 (33 bytes)
1710996126.060313 sending message 105 to peer 0x562f1d9e0df0 (145 bytes)
1710996126.060314 sending message 105 to peer 0x562f1d9e0df0 (23 bytes)
1710996126.060316 sending message 105 to peer 0x562f1d9e0df0 (31 bytes)
1710996126.060318 sending message 105 to peer 0x562f1d9e0df0 (23 bytes)
1710996126.060320 sending message 105 to peer 0x562f1d9e0df0 (27 bytes)
1710996126.060322 sending message 105 to peer 0x562f1d9e0df0 (25 bytes)
1710996126.060323 sending message 105 to peer 0x562f1d9e0df0 (20 bytes)
1710996126.060325 sending message 105 to peer 0x562f1d9e0df0 (16 bytes)
1710996126.060327 sending message 105 to peer 0x562f1d9e0df0 (14 bytes)
1710996126.060330 sending message 105 to peer 0x562f1d9e0df0 (15 bytes)
1710996126.060332 sending message 105 to peer 0x562f1d9e0df0 (44 bytes)
1710996126.060334 sending message 105 to peer 0x562f1d9e0df0 (39 bytes)
1710996126.060336 sending message 105 to peer 0x562f1d9e0df0 (16 bytes)
1710996126.060337 sending message 105 to peer 0x562f1d9e0df0 (10 bytes)
1710996126.060339 sending message 105 to peer 0x562f1d9e0df0 (24 bytes)
1710996126.060341 sending message 105 to peer 0x562f1d9e0df0 (25 bytes)
1710996126.060343 sending message 105 to peer 0x562f1d9e0df0 (75 bytes)
1710996126.060345 sending message 105 to peer 0x562f1d9e0df0 (183 bytes)
1710996126.060347 sending message 105 to peer 0x562f1d9e0df0 (205 bytes)
1710996126.060348 sending message 105 to peer 0x562f1d9e0df0 (18 bytes)
1710996126.060350 sending message 105 to peer 0x562f1d9e0df0 (21 bytes)
1710996126.060352 sending message 105 to peer 0x562f1d9e0df0 (21 bytes)
1710996126.060354 sending message 105 to peer 0x562f1d9e0df0 (14 bytes)
1710996126.060356 sending message 105 to peer 0x562f1d9e0df0 (47 bytes)
1710996126.060361 sending message 105 to peer 0x562f1d9e0df0 (101 bytes)
1710996126.060363 sending message 105 to peer 0x562f1d9e0df0 (145 bytes)
1710996126.060365 sending message 105 to peer 0x562f1d9e0df0 (28 bytes)
1710996126.060367 sending message 105 to peer 0x562f1d9e0df0 (17 bytes)
1710996126.060368 sending message 105 to peer 0x562f1d9e0df0 (25 bytes)
1710996126.060370 sending message 105 to peer 0x562f1d9e0df0 (16 bytes)
1710996126.060372 sending message 105 to peer 0x562f1d9e0df0 (52 bytes)
1710996126.060374 sending message 105 to peer 0x562f1d9e0df0 (61 bytes)
1710996126.060376 sending message 105 to peer 0x562f1d9e0df0 (40 bytes)
1710996126.060377 sending message 105 to peer 0x562f1d9e0df0 (46 bytes)
1710996126.060379 sending message 105 to peer 0x562f1d9e0df0 (82 bytes)
1710996126.060381 sending message 105 to peer 0x562f1d9e0df0 (54 bytes)
1710996126.060383 sending message 105 to peer 0x562f1d9e0df0 (45 bytes)
1710996126.060386 sending message 105 to peer 0x562f1d9e0df0 (141 bytes)
1710996126.060388 sending message 105 to peer 0x562f1d9e0df0 (59 bytes)
1710996126.060390 sending message 105 to peer 0x562f1d9e0df0 (12 bytes)
1710996126.060392 sending message 105 to peer 0x562f1d9e0df0 (20 bytes)
1710996126.060394 sending message 106 to peer 0x562f1d9e0df0 (0 bytes)
1710996126.060398 sending message 200 to peer 0x562f1d9e0df0 (4 bytes)
1710996126.060400 client loop enter
1710996126.060428 client_signal: Child exited
1710996126.090008 peer 0x562f1d9e0df0 message 207
1710996126.090028 sending message 208 to peer 0x562f1d9e0df0 (0 bytes)
1710996130.414551 peer 0x562f1d9e0df0 message 203
1710996130.414563 sending message 205 to peer 0x562f1d9e0df0 (0 bytes)
1710996130.414867 peer 0x562f1d9e0df0 message 204
1710996130.414875 client loop exit
